<?xml version="1.0" encoding="UTF-8"?>
<!-- Generated by org.testng.reporters.JUnitReportReporter -->
<testsuite skipped="0" hostname="smriti.rastogi" name="junit.a.test_consec" tests="1" failures="0" timestamp="05 Feb 2019 12:04:57 GMT" time="0.008" errors="0">
  <testcase name="testConsecutiveString" time="0.008" classname="junit.a.test_consec"/>
</testsuite> <!-- junit.a.test_consec -->
